2022-01-15 01:22:17.052 [http-nio-8201-exec-5] WARN  com.zaxxer.hikari.pool.PoolBase - HikariPool-1 - Failed to validate connection com.mysql.jdbc.JDBC4Connection@2d4a2867 (No operations allowed after connection closed.). Possibly consider using a shorter maxLifetime value.
2022-01-15 01:22:17.052 [http-nio-8201-exec-6] WARN  com.zaxxer.hikari.pool.PoolBase - HikariPool-1 - Failed to validate connection com.mysql.jdbc.JDBC4Connection@2d6d78c9 (No operations allowed after connection closed.). Possibly consider using a shorter maxLifetime value.
2022-01-15 01:22:22.061 [http-nio-8201-exec-5] WARN  com.zaxxer.hikari.pool.PoolBase - HikariPool-1 - Failed to validate connection com.mysql.jdbc.JDBC4Connection@596aec45 (No operations allowed after connection closed.). Possibly consider using a shorter maxLifetime value.
2022-01-15 01:22:22.063 [http-nio-8201-exec-6] WARN  com.zaxxer.hikari.pool.PoolBase - HikariPool-1 - Failed to validate connection com.mysql.jdbc.JDBC4Connection@50174198 (No operations allowed after connection closed.). Possibly consider using a shorter maxLifetime value.
2022-01-15 01:22:27.068 [http-nio-8201-exec-5] WARN  com.zaxxer.hikari.pool.PoolBase - HikariPool-1 - Failed to validate connection com.mysql.jdbc.JDBC4Connection@8675ce5 (No operations allowed after connection closed.). Possibly consider using a shorter maxLifetime value.
2022-01-15 01:22:27.068 [http-nio-8201-exec-6] WARN  com.zaxxer.hikari.pool.PoolBase - HikariPool-1 - Failed to validate connection com.mysql.jdbc.JDBC4Connection@4474a533 (No operations allowed after connection closed.). Possibly consider using a shorter maxLifetime value.
2022-01-15 01:22:32.074 [http-nio-8201-exec-6] WARN  com.zaxxer.hikari.pool.PoolBase - HikariPool-1 - Failed to validate connection com.mysql.jdbc.JDBC4Connection@ff03b88 (No operations allowed after connection closed.). Possibly consider using a shorter maxLifetime value.
2022-01-15 01:22:32.074 [http-nio-8201-exec-5] WARN  com.zaxxer.hikari.pool.PoolBase - HikariPool-1 - Failed to validate connection com.mysql.jdbc.JDBC4Connection@642e26f5 (No operations allowed after connection closed.). Possibly consider using a shorter maxLifetime value.
2022-01-15 01:22:37.082 [http-nio-8201-exec-6] WARN  com.zaxxer.hikari.pool.PoolBase - HikariPool-1 - Failed to validate connection com.mysql.jdbc.JDBC4Connection@7b325445 (No operations allowed after connection closed.). Possibly consider using a shorter maxLifetime value.
2022-01-15 01:22:37.082 [http-nio-8201-exec-5] WARN  com.zaxxer.hikari.pool.PoolBase - HikariPool-1 - Failed to validate connection com.mysql.jdbc.JDBC4Connection@3e1b4379 (No operations allowed after connection closed.). Possibly consider using a shorter maxLifetime value.
2022-01-15 01:31:46.213 [http-nio-8201-exec-1] WARN  com.zaxxer.hikari.pool.PoolBase - HikariPool-1 - Failed to validate connection com.mysql.jdbc.JDBC4Connection@2195df60 (No operations allowed after connection closed.). Possibly consider using a shorter maxLifetime value.
2022-01-15 01:31:51.221 [http-nio-8201-exec-1] WARN  com.zaxxer.hikari.pool.PoolBase - HikariPool-1 - Failed to validate connection com.mysql.jdbc.JDBC4Connection@1b83b182 (No operations allowed after connection closed.). Possibly consider using a shorter maxLifetime value.
2022-01-15 01:31:56.229 [http-nio-8201-exec-1] WARN  com.zaxxer.hikari.pool.PoolBase - HikariPool-1 - Failed to validate connection com.mysql.jdbc.JDBC4Connection@4e4e3905 (No operations allowed after connection closed.). Possibly consider using a shorter maxLifetime value.
2022-01-15 01:31:58.046 [http-nio-8201-exec-2] WARN  com.zaxxer.hikari.pool.PoolBase - HikariPool-1 - Failed to validate connection com.mysql.jdbc.JDBC4Connection@1dacca33 (No operations allowed after connection closed.). Possibly consider using a shorter maxLifetime value.
2022-01-15 01:32:01.233 [http-nio-8201-exec-1] WARN  com.zaxxer.hikari.pool.PoolBase - HikariPool-1 - Failed to validate connection com.mysql.jdbc.JDBC4Connection@70695c71 (No operations allowed after connection closed.). Possibly consider using a shorter maxLifetime value.
2022-01-15 01:32:03.052 [http-nio-8201-exec-2] WARN  com.zaxxer.hikari.pool.PoolBase - HikariPool-1 - Failed to validate connection com.mysql.jdbc.JDBC4Connection@75c99bf8 (No operations allowed after connection closed.). Possibly consider using a shorter maxLifetime value.
2022-01-15 01:32:04.255 [http-nio-8201-exec-3] WARN  com.zaxxer.hikari.pool.PoolBase - HikariPool-1 - Failed to validate connection com.mysql.jdbc.JDBC4Connection@4d0e6084 (No operations allowed after connection closed.). Possibly consider using a shorter maxLifetime value.
2022-01-15 01:32:06.241 [http-nio-8201-exec-1] WARN  com.zaxxer.hikari.pool.PoolBase - HikariPool-1 - Failed to validate connection com.mysql.jdbc.JDBC4Connection@9b0a587 (No operations allowed after connection closed.). Possibly consider using a shorter maxLifetime value.
2022-01-15 01:32:07.088 [http-nio-8201-exec-4] WARN  com.zaxxer.hikari.pool.PoolBase - HikariPool-1 - Failed to validate connection com.mysql.jdbc.JDBC4Connection@7a0911b6 (No operations allowed after connection closed.). Possibly consider using a shorter maxLifetime value.
2022-01-15 01:32:08.059 [http-nio-8201-exec-2] WARN  com.zaxxer.hikari.pool.PoolBase - HikariPool-1 - Failed to validate connection com.mysql.jdbc.JDBC4Connection@5152d492 (No operations allowed after connection closed.). Possibly consider using a shorter maxLifetime value.
2022-01-15 01:46:27.590 [http-nio-8201-exec-10] WARN  com.zaxxer.hikari.pool.PoolBase - HikariPool-1 - Failed to validate connection com.mysql.jdbc.JDBC4Connection@184393da (No operations allowed after connection closed.). Possibly consider using a shorter maxLifetime value.
2022-01-15 01:46:31.255 [http-nio-8201-exec-3] WARN  com.zaxxer.hikari.pool.PoolBase - HikariPool-1 - Failed to validate connection com.mysql.jdbc.JDBC4Connection@162a98de (No operations allowed after connection closed.). Possibly consider using a shorter maxLifetime value.
2022-01-15 01:46:32.598 [http-nio-8201-exec-10] WARN  com.zaxxer.hikari.pool.PoolBase - HikariPool-1 - Failed to validate connection com.mysql.jdbc.JDBC4Connection@29225f7f (No operations allowed after connection closed.). Possibly consider using a shorter maxLifetime value.
2022-01-15 01:46:33.932 [http-nio-8201-exec-1] WARN  com.zaxxer.hikari.pool.PoolBase - HikariPool-1 - Failed to validate connection com.mysql.jdbc.JDBC4Connection@1a9b6178 (No operations allowed after connection closed.). Possibly consider using a shorter maxLifetime value.
2022-01-15 01:46:36.259 [http-nio-8201-exec-3] WARN  com.zaxxer.hikari.pool.PoolBase - HikariPool-1 - Failed to validate connection com.mysql.jdbc.JDBC4Connection@45e5130f (No operations allowed after connection closed.). Possibly consider using a shorter maxLifetime value.
2022-01-15 01:46:37.608 [http-nio-8201-exec-10] WARN  com.zaxxer.hikari.pool.PoolBase - HikariPool-1 - Failed to validate connection com.mysql.jdbc.JDBC4Connection@4016d044 (No operations allowed after connection closed.). Possibly consider using a shorter maxLifetime value.
2022-01-15 01:46:38.941 [http-nio-8201-exec-1] WARN  com.zaxxer.hikari.pool.PoolBase - HikariPool-1 - Failed to validate connection com.mysql.jdbc.JDBC4Connection@49eab014 (No operations allowed after connection closed.). Possibly consider using a shorter maxLifetime value.
2022-01-15 01:46:41.267 [http-nio-8201-exec-3] WARN  com.zaxxer.hikari.pool.PoolBase - HikariPool-1 - Failed to validate connection com.mysql.jdbc.JDBC4Connection@a230319 (No operations allowed after connection closed.). Possibly consider using a shorter maxLifetime value.
2022-01-15 01:46:42.612 [http-nio-8201-exec-10] WARN  com.zaxxer.hikari.pool.PoolBase - HikariPool-1 - Failed to validate connection com.mysql.jdbc.JDBC4Connection@48cc69a8 (No operations allowed after connection closed.). Possibly consider using a shorter maxLifetime value.
2022-01-15 01:46:43.945 [http-nio-8201-exec-1] WARN  com.zaxxer.hikari.pool.PoolBase - HikariPool-1 - Failed to validate connection com.mysql.jdbc.JDBC4Connection@3ea79572 (No operations allowed after connection closed.). Possibly consider using a shorter maxLifetime value.
2022-01-15 02:02:46.048 [http-nio-8201-exec-1] WARN  com.zaxxer.hikari.pool.PoolBase - HikariPool-1 - Failed to validate connection com.mysql.jdbc.JDBC4Connection@42d489b1 (No operations allowed after connection closed.). Possibly consider using a shorter maxLifetime value.
2022-01-15 02:02:47.267 [http-nio-8201-exec-4] WARN  com.zaxxer.hikari.pool.PoolBase - HikariPool-1 - Failed to validate connection com.mysql.jdbc.JDBC4Connection@593d227e (No operations allowed after connection closed.). Possibly consider using a shorter maxLifetime value.
2022-01-15 02:02:51.054 [http-nio-8201-exec-1] WARN  com.zaxxer.hikari.pool.PoolBase - HikariPool-1 - Failed to validate connection com.mysql.jdbc.JDBC4Connection@66e27e32 (No operations allowed after connection closed.). Possibly consider using a shorter maxLifetime value.
2022-01-15 02:02:52.275 [http-nio-8201-exec-4] WARN  com.zaxxer.hikari.pool.PoolBase - HikariPool-1 - Failed to validate connection com.mysql.jdbc.JDBC4Connection@296144b4 (No operations allowed after connection closed.). Possibly consider using a shorter maxLifetime value.
2022-01-15 02:02:56.061 [http-nio-8201-exec-1] WARN  com.zaxxer.hikari.pool.PoolBase - HikariPool-1 - Failed to validate connection com.mysql.jdbc.JDBC4Connection@1a1468ec (No operations allowed after connection closed.). Possibly consider using a shorter maxLifetime value.
2022-01-15 02:02:57.282 [http-nio-8201-exec-4] WARN  com.zaxxer.hikari.pool.PoolBase - HikariPool-1 - Failed to validate connection com.mysql.jdbc.JDBC4Connection@11a91e80 (No operations allowed after connection closed.). Possibly consider using a shorter maxLifetime value.
2022-01-15 02:03:01.070 [http-nio-8201-exec-1] WARN  com.zaxxer.hikari.pool.PoolBase - HikariPool-1 - Failed to validate connection com.mysql.jdbc.JDBC4Connection@14792466 (No operations allowed after connection closed.). Possibly consider using a shorter maxLifetime value.
2022-01-15 02:03:01.598 [http-nio-8201-exec-2] WARN  com.zaxxer.hikari.pool.PoolBase - HikariPool-1 - Failed to validate connection com.mysql.jdbc.JDBC4Connection@6e9b51bd (No operations allowed after connection closed.). Possibly consider using a shorter maxLifetime value.
2022-01-15 02:03:02.291 [http-nio-8201-exec-4] WARN  com.zaxxer.hikari.pool.PoolBase - HikariPool-1 - Failed to validate connection com.mysql.jdbc.JDBC4Connection@15b6141b (No operations allowed after connection closed.). Possibly consider using a shorter maxLifetime value.
2022-01-15 02:03:06.079 [http-nio-8201-exec-1] WARN  com.zaxxer.hikari.pool.PoolBase - HikariPool-1 - Failed to validate connection com.mysql.jdbc.JDBC4Connection@4b0e9ec3 (No operations allowed after connection closed.). Possibly consider using a shorter maxLifetime value.
2022-01-15 02:11:16.937 [http-nio-8201-exec-6] WARN  com.zaxxer.hikari.pool.PoolBase - HikariPool-1 - Failed to validate connection com.mysql.jdbc.JDBC4Connection@61db1b9 (No operations allowed after connection closed.). Possibly consider using a shorter maxLifetime value.
2022-01-15 02:11:19.137 [http-nio-8201-exec-2] WARN  com.zaxxer.hikari.pool.PoolBase - HikariPool-1 - Failed to validate connection com.mysql.jdbc.JDBC4Connection@26352266 (No operations allowed after connection closed.). Possibly consider using a shorter maxLifetime value.
2022-01-15 02:11:21.946 [http-nio-8201-exec-6] WARN  com.zaxxer.hikari.pool.PoolBase - HikariPool-1 - Failed to validate connection com.mysql.jdbc.JDBC4Connection@5580669f (No operations allowed after connection closed.). Possibly consider using a shorter maxLifetime value.
2022-01-15 02:11:24.140 [http-nio-8201-exec-2] WARN  com.zaxxer.hikari.pool.PoolBase - HikariPool-1 - Failed to validate connection com.mysql.jdbc.JDBC4Connection@72d99c22 (No operations allowed after connection closed.). Possibly consider using a shorter maxLifetime value.
2022-01-15 02:11:26.953 [http-nio-8201-exec-6] WARN  com.zaxxer.hikari.pool.PoolBase - HikariPool-1 - Failed to validate connection com.mysql.jdbc.JDBC4Connection@6d8d5746 (No operations allowed after connection closed.). Possibly consider using a shorter maxLifetime value.
2022-01-15 02:11:29.148 [http-nio-8201-exec-2] WARN  com.zaxxer.hikari.pool.PoolBase - HikariPool-1 - Failed to validate connection com.mysql.jdbc.JDBC4Connection@3054be75 (No operations allowed after connection closed.). Possibly consider using a shorter maxLifetime value.
2022-01-15 02:11:31.961 [http-nio-8201-exec-6] WARN  com.zaxxer.hikari.pool.PoolBase - HikariPool-1 - Failed to validate connection com.mysql.jdbc.JDBC4Connection@1bde7eff (No operations allowed after connection closed.). Possibly consider using a shorter maxLifetime value.
2022-01-15 02:11:34.156 [http-nio-8201-exec-2] WARN  com.zaxxer.hikari.pool.PoolBase - HikariPool-1 - Failed to validate connection com.mysql.jdbc.JDBC4Connection@53608b22 (No operations allowed after connection closed.). Possibly consider using a shorter maxLifetime value.
2022-01-15 02:11:36.969 [http-nio-8201-exec-6] WARN  com.zaxxer.hikari.pool.PoolBase - HikariPool-1 - Failed to validate connection com.mysql.jdbc.JDBC4Connection@59305657 (No operations allowed after connection closed.). Possibly consider using a shorter maxLifetime value.
2022-01-15 02:11:39.160 [http-nio-8201-exec-2] WARN  com.zaxxer.hikari.pool.PoolBase - HikariPool-1 - Failed to validate connection com.mysql.jdbc.JDBC4Connection@5cc9b53a (No operations allowed after connection closed.). Possibly consider using a shorter maxLifetime value.
2022-01-15 02:15:52.990 [HikariPool-1 housekeeper] WARN  com.zaxxer.hikari.pool.HikariPool - HikariPool-1 - Thread starvation or clock leap detected (housekeeper delta=3m37s473ms).
2022-01-15 04:24:30.063 [HikariPool-1 housekeeper] WARN  com.zaxxer.hikari.pool.HikariPool - HikariPool-1 - Thread starvation or clock leap detected (housekeeper delta=2h8m37s73ms).
2022-01-15 05:56:11.339 [HikariPool-1 housekeeper] WARN  com.zaxxer.hikari.pool.HikariPool - HikariPool-1 - Thread starvation or clock leap detected (housekeeper delta=1h31m41s275ms).
2022-01-15 07:48:19.923 [HikariPool-1 housekeeper] WARN  com.zaxxer.hikari.pool.HikariPool - HikariPool-1 - Thread starvation or clock leap detected (housekeeper delta=1h52m8s585ms).
2022-01-15 09:37:57.556 [HikariPool-1 housekeeper] WARN  com.zaxxer.hikari.pool.HikariPool - HikariPool-1 - Thread starvation or clock leap detected (housekeeper delta=1h49m37s633ms).
2022-01-15 10:51:34.485 [HikariPool-1 housekeeper] WARN  com.zaxxer.hikari.pool.HikariPool - HikariPool-1 - Thread starvation or clock leap detected (housekeeper delta=1h13m36s928ms).
2022-01-15 12:29:29.409 [HikariPool-1 housekeeper] WARN  com.zaxxer.hikari.pool.HikariPool - HikariPool-1 - Thread starvation or clock leap detected (housekeeper delta=1h37m54s925ms).
2022-01-15 12:50:37.774 [HikariPool-1 housekeeper] WARN  com.zaxxer.hikari.pool.HikariPool - HikariPool-1 - Thread starvation or clock leap detected (housekeeper delta=21m8s365ms).
2022-01-15 13:01:01.179 [http-nio-8201-exec-8] WARN  com.zaxxer.hikari.pool.PoolBase - HikariPool-1 - Failed to validate connection com.mysql.jdbc.JDBC4Connection@86226ab (No operations allowed after connection closed.). Possibly consider using a shorter maxLifetime value.
2022-01-15 13:01:02.982 [http-nio-8201-exec-9] WARN  com.zaxxer.hikari.pool.PoolBase - HikariPool-1 - Failed to validate connection com.mysql.jdbc.JDBC4Connection@70f4b9de (No operations allowed after connection closed.). Possibly consider using a shorter maxLifetime value.
2022-01-15 13:01:05.740 [http-nio-8201-exec-3] WARN  com.zaxxer.hikari.pool.PoolBase - HikariPool-1 - Failed to validate connection com.mysql.jdbc.JDBC4Connection@58e5d491 (No operations allowed after connection closed.). Possibly consider using a shorter maxLifetime value.
2022-01-15 13:01:06.186 [http-nio-8201-exec-8] WARN  com.zaxxer.hikari.pool.PoolBase - HikariPool-1 - Failed to validate connection com.mysql.jdbc.JDBC4Connection@63ae60b6 (No operations allowed after connection closed.). Possibly consider using a shorter maxLifetime value.
2022-01-15 13:01:07.989 [http-nio-8201-exec-9] WARN  com.zaxxer.hikari.pool.PoolBase - HikariPool-1 - Failed to validate connection com.mysql.jdbc.JDBC4Connection@7d91a910 (No operations allowed after connection closed.). Possibly consider using a shorter maxLifetime value.
2022-01-15 13:01:10.743 [http-nio-8201-exec-3] WARN  com.zaxxer.hikari.pool.PoolBase - HikariPool-1 - Failed to validate connection com.mysql.jdbc.JDBC4Connection@196d0674 (No operations allowed after connection closed.). Possibly consider using a shorter maxLifetime value.
2022-01-15 13:01:11.189 [http-nio-8201-exec-8] WARN  com.zaxxer.hikari.pool.PoolBase - HikariPool-1 - Failed to validate connection com.mysql.jdbc.JDBC4Connection@12f9333 (No operations allowed after connection closed.). Possibly consider using a shorter maxLifetime value.
2022-01-15 13:01:12.993 [http-nio-8201-exec-9] WARN  com.zaxxer.hikari.pool.PoolBase - HikariPool-1 - Failed to validate connection com.mysql.jdbc.JDBC4Connection@6558f546 (No operations allowed after connection closed.). Possibly consider using a shorter maxLifetime value.
2022-01-15 13:01:15.749 [http-nio-8201-exec-3] WARN  com.zaxxer.hikari.pool.PoolBase - HikariPool-1 - Failed to validate connection com.mysql.jdbc.JDBC4Connection@c1fc06f (No operations allowed after connection closed.). Possibly consider using a shorter maxLifetime value.
2022-01-15 13:01:16.194 [http-nio-8201-exec-8] WARN  com.zaxxer.hikari.pool.PoolBase - HikariPool-1 - Failed to validate connection com.mysql.jdbc.JDBC4Connection@67654f8f (No operations allowed after connection closed.). Possibly consider using a shorter maxLifetime value.
2022-01-15 13:49:42.336 [http-nio-8201-exec-6] WARN  com.zaxxer.hikari.pool.PoolBase - HikariPool-1 - Failed to validate connection com.mysql.jdbc.JDBC4Connection@46c226ab (No operations allowed after connection closed.). Possibly consider using a shorter maxLifetime value.
2022-01-15 13:49:47.343 [http-nio-8201-exec-6] WARN  com.zaxxer.hikari.pool.PoolBase - HikariPool-1 - Failed to validate connection com.mysql.jdbc.JDBC4Connection@45ff86f (No operations allowed after connection closed.). Possibly consider using a shorter maxLifetime value.
2022-01-15 13:49:52.347 [http-nio-8201-exec-6] WARN  com.zaxxer.hikari.pool.PoolBase - HikariPool-1 - Failed to validate connection com.mysql.jdbc.JDBC4Connection@47899566 (No operations allowed after connection closed.). Possibly consider using a shorter maxLifetime value.
2022-01-15 13:49:57.356 [http-nio-8201-exec-6] WARN  com.zaxxer.hikari.pool.PoolBase - HikariPool-1 - Failed to validate connection com.mysql.jdbc.JDBC4Connection@3254b745 (No operations allowed after connection closed.). Possibly consider using a shorter maxLifetime value.
2022-01-15 13:50:02.361 [http-nio-8201-exec-6] WARN  com.zaxxer.hikari.pool.PoolBase - HikariPool-1 - Failed to validate connection com.mysql.jdbc.JDBC4Connection@421a2315 (No operations allowed after connection closed.). Possibly consider using a shorter maxLifetime value.
2022-01-15 13:50:07.369 [http-nio-8201-exec-6] WARN  com.zaxxer.hikari.pool.PoolBase - HikariPool-1 - Failed to validate connection com.mysql.jdbc.JDBC4Connection@db05683 (No operations allowed after connection closed.). Possibly consider using a shorter maxLifetime value.
2022-01-15 13:50:07.392 [http-nio-8201-exec-6] WARN  o.s.w.s.m.m.a.ExceptionHandlerExceptionResolver - Resolved [org.mybatis.spring.MyBatisSystemException: nested exception is org.apache.ibatis.exceptions.PersistenceException: 
### Error querying database.  Cause: org.springframework.jdbc.CannotGetJdbcConnectionException: Failed to obtain JDBC Connection; nested exception is java.sql.SQLTransientConnectionException: HikariPool-1 - Connection is not available, request timed out after 30043ms.
### The error may exist in com/xxxx/yygh/hosp/mapper/HospitalSetMapper.java (best guess)
### The error may involve com.xxxx.yygh.hosp.mapper.HospitalSetMapper.selectPage
### The error occurred while executing a query
### Cause: org.springframework.jdbc.CannotGetJdbcConnectionException: Failed to obtain JDBC Connection; nested exception is java.sql.SQLTransientConnectionException: HikariPool-1 - Connection is not available, request timed out after 30043ms.]
2022-01-15 13:58:10.418 [http-nio-8201-exec-2] WARN  com.zaxxer.hikari.pool.PoolBase - HikariPool-1 - Failed to validate connection com.mysql.jdbc.JDBC4Connection@38a75a6c (No operations allowed after connection closed.). Possibly consider using a shorter maxLifetime value.
2022-01-15 13:58:15.427 [http-nio-8201-exec-2] WARN  com.zaxxer.hikari.pool.PoolBase - HikariPool-1 - Failed to validate connection com.mysql.jdbc.JDBC4Connection@2873a5b (No operations allowed after connection closed.). Possibly consider using a shorter maxLifetime value.
2022-01-15 13:58:20.433 [http-nio-8201-exec-2] WARN  com.zaxxer.hikari.pool.PoolBase - HikariPool-1 - Failed to validate connection com.mysql.jdbc.JDBC4Connection@710fd791 (No operations allowed after connection closed.). Possibly consider using a shorter maxLifetime value.
2022-01-15 13:58:25.441 [http-nio-8201-exec-2] WARN  com.zaxxer.hikari.pool.PoolBase - HikariPool-1 - Failed to validate connection com.mysql.jdbc.JDBC4Connection@5530773c (No operations allowed after connection closed.). Possibly consider using a shorter maxLifetime value.
2022-01-15 13:58:30.448 [http-nio-8201-exec-2] WARN  com.zaxxer.hikari.pool.PoolBase - HikariPool-1 - Failed to validate connection com.mysql.jdbc.JDBC4Connection@65771f72 (No operations allowed after connection closed.). Possibly consider using a shorter maxLifetime value.
2022-01-15 13:58:34.495 [http-nio-8201-exec-4] WARN  com.zaxxer.hikari.pool.PoolBase - HikariPool-1 - Failed to validate connection com.mysql.jdbc.JDBC4Connection@5586e6c8 (No operations allowed after connection closed.). Possibly consider using a shorter maxLifetime value.
2022-01-15 13:58:35.454 [http-nio-8201-exec-2] WARN  com.zaxxer.hikari.pool.PoolBase - HikariPool-1 - Failed to validate connection com.mysql.jdbc.JDBC4Connection@2b849bbf (No operations allowed after connection closed.). Possibly consider using a shorter maxLifetime value.
2022-01-15 13:58:35.461 [http-nio-8201-exec-2] WARN  o.s.w.s.m.m.a.ExceptionHandlerExceptionResolver - Resolved [org.mybatis.spring.MyBatisSystemException: nested exception is org.apache.ibatis.exceptions.PersistenceException: 
### Error querying database.  Cause: org.springframework.jdbc.CannotGetJdbcConnectionException: Failed to obtain JDBC Connection; nested exception is java.sql.SQLTransientConnectionException: HikariPool-1 - Connection is not available, request timed out after 30043ms.
### The error may exist in com/xxxx/yygh/hosp/mapper/HospitalSetMapper.java (best guess)
### The error may involve com.xxxx.yygh.hosp.mapper.HospitalSetMapper.selectPage
### The error occurred while executing a query
### Cause: org.springframework.jdbc.CannotGetJdbcConnectionException: Failed to obtain JDBC Connection; nested exception is java.sql.SQLTransientConnectionException: HikariPool-1 - Connection is not available, request timed out after 30043ms.]
2022-01-15 13:58:39.502 [http-nio-8201-exec-4] WARN  com.zaxxer.hikari.pool.PoolBase - HikariPool-1 - Failed to validate connection com.mysql.jdbc.JDBC4Connection@5151bfb (No operations allowed after connection closed.). Possibly consider using a shorter maxLifetime value.
2022-01-15 13:58:44.510 [http-nio-8201-exec-4] WARN  com.zaxxer.hikari.pool.PoolBase - HikariPool-1 - Failed to validate connection com.mysql.jdbc.JDBC4Connection@5f540bd7 (No operations allowed after connection closed.). Possibly consider using a shorter maxLifetime value.
2022-01-15 13:58:49.517 [http-nio-8201-exec-4] WARN  com.zaxxer.hikari.pool.PoolBase - HikariPool-1 - Failed to validate connection com.mysql.jdbc.JDBC4Connection@5a7cebed (No operations allowed after connection closed.). Possibly consider using a shorter maxLifetime value.
2022-01-15 15:52:32.703 [HikariPool-1 housekeeper] WARN  com.zaxxer.hikari.pool.HikariPool - HikariPool-1 - Thread starvation or clock leap detected (housekeeper delta=53s183ms).
2022-01-15 15:53:41.363 [http-nio-8201-exec-1] WARN  com.zaxxer.hikari.pool.PoolBase - HikariPool-1 - Failed to validate connection com.mysql.jdbc.JDBC4Connection@da44ac4 (No operations allowed after connection closed.). Possibly consider using a shorter maxLifetime value.
2022-01-15 15:53:46.372 [http-nio-8201-exec-1] WARN  com.zaxxer.hikari.pool.PoolBase - HikariPool-1 - Failed to validate connection com.mysql.jdbc.JDBC4Connection@6c4a3fcf (No operations allowed after connection closed.). Possibly consider using a shorter maxLifetime value.
2022-01-15 15:53:51.380 [http-nio-8201-exec-1] WARN  com.zaxxer.hikari.pool.PoolBase - HikariPool-1 - Failed to validate connection com.mysql.jdbc.JDBC4Connection@36d1217e (No operations allowed after connection closed.). Possibly consider using a shorter maxLifetime value.
2022-01-15 15:53:56.387 [http-nio-8201-exec-1] WARN  com.zaxxer.hikari.pool.PoolBase - HikariPool-1 - Failed to validate connection com.mysql.jdbc.JDBC4Connection@1362ddcc (No operations allowed after connection closed.). Possibly consider using a shorter maxLifetime value.
2022-01-15 15:54:01.393 [http-nio-8201-exec-1] WARN  com.zaxxer.hikari.pool.PoolBase - HikariPool-1 - Failed to validate connection com.mysql.jdbc.JDBC4Connection@50a03034 (No operations allowed after connection closed.). Possibly consider using a shorter maxLifetime value.
2022-01-15 15:54:06.401 [http-nio-8201-exec-1] WARN  com.zaxxer.hikari.pool.PoolBase - HikariPool-1 - Failed to validate connection com.mysql.jdbc.JDBC4Connection@22e95bc7 (No operations allowed after connection closed.). Possibly consider using a shorter maxLifetime value.
2022-01-15 15:54:06.407 [http-nio-8201-exec-1] WARN  o.s.w.s.m.m.a.ExceptionHandlerExceptionResolver - Resolved [org.mybatis.spring.MyBatisSystemException: nested exception is org.apache.ibatis.exceptions.PersistenceException: 
### Error querying database.  Cause: org.springframework.jdbc.CannotGetJdbcConnectionException: Failed to obtain JDBC Connection; nested exception is java.sql.SQLTransientConnectionException: HikariPool-1 - Connection is not available, request timed out after 30046ms.
### The error may exist in com/xxxx/yygh/hosp/mapper/HospitalSetMapper.java (best guess)
### The error may involve com.xxxx.yygh.hosp.mapper.HospitalSetMapper.selectPage
### The error occurred while executing a query
### Cause: org.springframework.jdbc.CannotGetJdbcConnectionException: Failed to obtain JDBC Connection; nested exception is java.sql.SQLTransientConnectionException: HikariPool-1 - Connection is not available, request timed out after 30046ms.]
2022-01-15 15:54:19.657 [http-nio-8201-exec-7] WARN  com.zaxxer.hikari.pool.PoolBase - HikariPool-1 - Failed to validate connection com.mysql.jdbc.JDBC4Connection@169c1812 (No operations allowed after connection closed.). Possibly consider using a shorter maxLifetime value.
2022-01-15 15:54:22.833 [http-nio-8201-exec-9] WARN  com.zaxxer.hikari.pool.PoolBase - HikariPool-1 - Failed to validate connection com.mysql.jdbc.JDBC4Connection@77725fe1 (No operations allowed after connection closed.). Possibly consider using a shorter maxLifetime value.
2022-01-15 15:54:24.664 [http-nio-8201-exec-7] WARN  com.zaxxer.hikari.pool.PoolBase - HikariPool-1 - Failed to validate connection com.mysql.jdbc.JDBC4Connection@6b0f0338 (No operations allowed after connection closed.). Possibly consider using a shorter maxLifetime value.
2022-01-15 15:54:27.839 [http-nio-8201-exec-9] WARN  com.zaxxer.hikari.pool.PoolBase - HikariPool-1 - Failed to validate connection com.mysql.jdbc.JDBC4Connection@88e918d (No operations allowed after connection closed.). Possibly consider using a shorter maxLifetime value.
2022-01-15 16:05:17.374 [http-nio-8201-exec-5] WARN  com.zaxxer.hikari.pool.PoolBase - HikariPool-1 - Failed to validate connection com.mysql.jdbc.JDBC4Connection@3716c63 (No operations allowed after connection closed.). Possibly consider using a shorter maxLifetime value.
2022-01-15 16:05:18.374 [http-nio-8201-exec-1] WARN  com.zaxxer.hikari.pool.PoolBase - HikariPool-1 - Failed to validate connection com.mysql.jdbc.JDBC4Connection@7340db53 (No operations allowed after connection closed.). Possibly consider using a shorter maxLifetime value.
2022-01-15 16:05:20.963 [http-nio-8201-exec-7] WARN  com.zaxxer.hikari.pool.PoolBase - HikariPool-1 - Failed to validate connection com.mysql.jdbc.JDBC4Connection@28da6fed (No operations allowed after connection closed.). Possibly consider using a shorter maxLifetime value.
2022-01-15 16:05:22.383 [http-nio-8201-exec-5] WARN  com.zaxxer.hikari.pool.PoolBase - HikariPool-1 - Failed to validate connection com.mysql.jdbc.JDBC4Connection@7a3392ce (No operations allowed after connection closed.). Possibly consider using a shorter maxLifetime value.
2022-01-15 16:05:23.381 [http-nio-8201-exec-1] WARN  com.zaxxer.hikari.pool.PoolBase - HikariPool-1 - Failed to validate connection com.mysql.jdbc.JDBC4Connection@28ef65ae (No operations allowed after connection closed.). Possibly consider using a shorter maxLifetime value.
2022-01-15 16:05:25.967 [http-nio-8201-exec-7] WARN  com.zaxxer.hikari.pool.PoolBase - HikariPool-1 - Failed to validate connection com.mysql.jdbc.JDBC4Connection@dd80a7d (No operations allowed after connection closed.). Possibly consider using a shorter maxLifetime value.
2022-01-15 16:05:27.389 [http-nio-8201-exec-5] WARN  com.zaxxer.hikari.pool.PoolBase - HikariPool-1 - Failed to validate connection com.mysql.jdbc.JDBC4Connection@4eedb1f3 (No operations allowed after connection closed.). Possibly consider using a shorter maxLifetime value.
2022-01-15 16:05:28.389 [http-nio-8201-exec-1] WARN  com.zaxxer.hikari.pool.PoolBase - HikariPool-1 - Failed to validate connection com.mysql.jdbc.JDBC4Connection@2f01594a (No operations allowed after connection closed.). Possibly consider using a shorter maxLifetime value.
2022-01-15 16:05:30.971 [http-nio-8201-exec-7] WARN  com.zaxxer.hikari.pool.PoolBase - HikariPool-1 - Failed to validate connection com.mysql.jdbc.JDBC4Connection@10c2cc48 (No operations allowed after connection closed.). Possibly consider using a shorter maxLifetime value.
2022-01-15 16:05:32.094 [http-nio-8201-exec-9] WARN  com.zaxxer.hikari.pool.PoolBase - HikariPool-1 - Failed to validate connection com.mysql.jdbc.JDBC4Connection@10190151 (No operations allowed after connection closed.). Possibly consider using a shorter maxLifetime value.
2022-01-15 16:19:32.893 [http-nio-8201-exec-4] WARN  com.zaxxer.hikari.pool.PoolBase - HikariPool-1 - Failed to validate connection com.mysql.jdbc.JDBC4Connection@27c9bce7 (No operations allowed after connection closed.). Possibly consider using a shorter maxLifetime value.
2022-01-15 16:19:37.896 [http-nio-8201-exec-4] WARN  com.zaxxer.hikari.pool.PoolBase - HikariPool-1 - Failed to validate connection com.mysql.jdbc.JDBC4Connection@604ccddc (No operations allowed after connection closed.). Possibly consider using a shorter maxLifetime value.
2022-01-15 16:19:42.901 [http-nio-8201-exec-4] WARN  com.zaxxer.hikari.pool.PoolBase - HikariPool-1 - Failed to validate connection com.mysql.jdbc.JDBC4Connection@3be4fc83 (No operations allowed after connection closed.). Possibly consider using a shorter maxLifetime value.
2022-01-15 16:19:47.905 [http-nio-8201-exec-4] WARN  com.zaxxer.hikari.pool.PoolBase - HikariPool-1 - Failed to validate connection com.mysql.jdbc.JDBC4Connection@1452d6cd (No operations allowed after connection closed.). Possibly consider using a shorter maxLifetime value.
2022-01-15 16:19:52.910 [http-nio-8201-exec-4] WARN  com.zaxxer.hikari.pool.PoolBase - HikariPool-1 - Failed to validate connection com.mysql.jdbc.JDBC4Connection@4c0c4c93 (No operations allowed after connection closed.). Possibly consider using a shorter maxLifetime value.
2022-01-15 16:19:57.913 [http-nio-8201-exec-4] WARN  com.zaxxer.hikari.pool.PoolBase - HikariPool-1 - Failed to validate connection com.mysql.jdbc.JDBC4Connection@688523ab (No operations allowed after connection closed.). Possibly consider using a shorter maxLifetime value.
2022-01-15 16:19:57.920 [http-nio-8201-exec-4] WARN  o.s.w.s.m.m.a.ExceptionHandlerExceptionResolver - Resolved [org.mybatis.spring.MyBatisSystemException: nested exception is org.apache.ibatis.exceptions.PersistenceException: 
### Error querying database.  Cause: org.springframework.jdbc.CannotGetJdbcConnectionException: Failed to obtain JDBC Connection; nested exception is java.sql.SQLTransientConnectionException: HikariPool-1 - Connection is not available, request timed out after 30023ms.
### The error may exist in com/xxxx/yygh/hosp/mapper/HospitalSetMapper.java (best guess)
### The error may involve com.xxxx.yygh.hosp.mapper.HospitalSetMapper.selectPage
### The error occurred while executing a query
### Cause: org.springframework.jdbc.CannotGetJdbcConnectionException: Failed to obtain JDBC Connection; nested exception is java.sql.SQLTransientConnectionException: HikariPool-1 - Connection is not available, request timed out after 30023ms.]
2022-01-15 16:21:10.459 [http-nio-8201-exec-5] WARN  com.zaxxer.hikari.pool.PoolBase - HikariPool-1 - Failed to validate connection com.mysql.jdbc.JDBC4Connection@95b26b5 (No operations allowed after connection closed.). Possibly consider using a shorter maxLifetime value.
2022-01-15 16:21:15.463 [http-nio-8201-exec-5] WARN  com.zaxxer.hikari.pool.PoolBase - HikariPool-1 - Failed to validate connection com.mysql.jdbc.JDBC4Connection@17fc69ac (No operations allowed after connection closed.). Possibly consider using a shorter maxLifetime value.
2022-01-15 16:21:16.072 [http-nio-8201-exec-1] WARN  com.zaxxer.hikari.pool.PoolBase - HikariPool-1 - Failed to validate connection com.mysql.jdbc.JDBC4Connection@14ee99e9 (No operations allowed after connection closed.). Possibly consider using a shorter maxLifetime value.
2022-01-15 16:21:20.467 [http-nio-8201-exec-5] WARN  com.zaxxer.hikari.pool.PoolBase - HikariPool-1 - Failed to validate connection com.mysql.jdbc.JDBC4Connection@295a239a (No operations allowed after connection closed.). Possibly consider using a shorter maxLifetime value.
2022-01-15 16:25:46.984 [http-nio-8201-exec-5] WARN  o.s.w.s.m.m.a.ExceptionHandlerExceptionResolver - Resolved [org.springframework.web.method.annotation.MethodArgumentTypeMismatchException: Failed to convert value of type 'java.lang.String' to required type 'long'; nested exception is java.lang.NumberFormatException: For input string: "undefined"]
2022-01-15 16:25:50.883 [http-nio-8201-exec-7] WARN  o.s.w.s.m.m.a.ExceptionHandlerExceptionResolver - Resolved [org.springframework.web.method.annotation.MethodArgumentTypeMismatchException: Failed to convert value of type 'java.lang.String' to required type 'long'; nested exception is java.lang.NumberFormatException: For input string: "undefined"]
2022-01-15 16:39:35.910 [http-nio-8201-exec-4] WARN  com.zaxxer.hikari.pool.PoolBase - HikariPool-1 - Failed to validate connection com.mysql.jdbc.JDBC4Connection@498eee3c (No operations allowed after connection closed.). Possibly consider using a shorter maxLifetime value.
2022-01-15 16:39:39.363 [http-nio-8201-exec-1] WARN  com.zaxxer.hikari.pool.PoolBase - HikariPool-1 - Failed to validate connection com.mysql.jdbc.JDBC4Connection@3c6018d (No operations allowed after connection closed.). Possibly consider using a shorter maxLifetime value.
2022-01-15 16:39:40.917 [http-nio-8201-exec-4] WARN  com.zaxxer.hikari.pool.PoolBase - HikariPool-1 - Failed to validate connection com.mysql.jdbc.JDBC4Connection@1845dea5 (No operations allowed after connection closed.). Possibly consider using a shorter maxLifetime value.
2022-01-15 16:39:44.369 [http-nio-8201-exec-1] WARN  com.zaxxer.hikari.pool.PoolBase - HikariPool-1 - Failed to validate connection com.mysql.jdbc.JDBC4Connection@74cde842 (No operations allowed after connection closed.). Possibly consider using a shorter maxLifetime value.
2022-01-15 16:39:45.924 [http-nio-8201-exec-4] WARN  com.zaxxer.hikari.pool.PoolBase - HikariPool-1 - Failed to validate connection com.mysql.jdbc.JDBC4Connection@302c7abc (No operations allowed after connection closed.). Possibly consider using a shorter maxLifetime value.
2022-01-15 16:39:49.373 [http-nio-8201-exec-1] WARN  com.zaxxer.hikari.pool.PoolBase - HikariPool-1 - Failed to validate connection com.mysql.jdbc.JDBC4Connection@20b091b5 (No operations allowed after connection closed.). Possibly consider using a shorter maxLifetime value.
2022-01-15 16:39:50.931 [http-nio-8201-exec-4] WARN  com.zaxxer.hikari.pool.PoolBase - HikariPool-1 - Failed to validate connection com.mysql.jdbc.JDBC4Connection@3c8dffcd (No operations allowed after connection closed.). Possibly consider using a shorter maxLifetime value.
2022-01-15 16:39:54.380 [http-nio-8201-exec-1] WARN  com.zaxxer.hikari.pool.PoolBase - HikariPool-1 - Failed to validate connection com.mysql.jdbc.JDBC4Connection@274d7b0 (No operations allowed after connection closed.). Possibly consider using a shorter maxLifetime value.
2022-01-15 16:39:55.934 [http-nio-8201-exec-4] WARN  com.zaxxer.hikari.pool.PoolBase - HikariPool-1 - Failed to validate connection com.mysql.jdbc.JDBC4Connection@210b8908 (No operations allowed after connection closed.). Possibly consider using a shorter maxLifetime value.
2022-01-15 16:39:59.383 [http-nio-8201-exec-1] WARN  com.zaxxer.hikari.pool.PoolBase - HikariPool-1 - Failed to validate connection com.mysql.jdbc.JDBC4Connection@310d741a (No operations allowed after connection closed.). Possibly consider using a shorter maxLifetime value.
2022-01-15 16:54:12.760 [restartedMain] WARN  com.netflix.config.sources.URLConfigurationSource - No URLs will be polled as dynamic configuration sources.
2022-01-15 16:54:12.762 [restartedMain] WARN  com.netflix.config.sources.URLConfigurationSource - No URLs will be polled as dynamic configuration sources.
2022-01-15 17:02:31.439 [restartedMain] WARN  com.netflix.config.sources.URLConfigurationSource - No URLs will be polled as dynamic configuration sources.
2022-01-15 17:02:31.442 [restartedMain] WARN  com.netflix.config.sources.URLConfigurationSource - No URLs will be polled as dynamic configuration sources.
2022-01-15 17:29:47.511 [http-nio-8201-exec-1] WARN  com.zaxxer.hikari.pool.PoolBase - HikariPool-1 - Failed to validate connection com.mysql.jdbc.JDBC4Connection@774df4f7 (No operations allowed after connection closed.). Possibly consider using a shorter maxLifetime value.
2022-01-15 17:29:48.446 [http-nio-8201-exec-2] WARN  com.zaxxer.hikari.pool.PoolBase - HikariPool-1 - Failed to validate connection com.mysql.jdbc.JDBC4Connection@155d3234 (No operations allowed after connection closed.). Possibly consider using a shorter maxLifetime value.
2022-01-15 17:29:52.521 [http-nio-8201-exec-1] WARN  com.zaxxer.hikari.pool.PoolBase - HikariPool-1 - Failed to validate connection com.mysql.jdbc.JDBC4Connection@7af8f47b (No operations allowed after connection closed.). Possibly consider using a shorter maxLifetime value.
2022-01-15 17:29:53.454 [http-nio-8201-exec-2] WARN  com.zaxxer.hikari.pool.PoolBase - HikariPool-1 - Failed to validate connection com.mysql.jdbc.JDBC4Connection@7c8d1198 (No operations allowed after connection closed.). Possibly consider using a shorter maxLifetime value.
2022-01-15 17:29:57.529 [http-nio-8201-exec-1] WARN  com.zaxxer.hikari.pool.PoolBase - HikariPool-1 - Failed to validate connection com.mysql.jdbc.JDBC4Connection@2693a73a (No operations allowed after connection closed.). Possibly consider using a shorter maxLifetime value.
2022-01-15 17:29:58.461 [http-nio-8201-exec-2] WARN  com.zaxxer.hikari.pool.PoolBase - HikariPool-1 - Failed to validate connection com.mysql.jdbc.JDBC4Connection@1e4de879 (No operations allowed after connection closed.). Possibly consider using a shorter maxLifetime value.
2022-01-15 17:30:02.539 [http-nio-8201-exec-1] WARN  com.zaxxer.hikari.pool.PoolBase - HikariPool-1 - Failed to validate connection com.mysql.jdbc.JDBC4Connection@582ab89a (No operations allowed after connection closed.). Possibly consider using a shorter maxLifetime value.
2022-01-15 17:30:03.467 [http-nio-8201-exec-2] WARN  com.zaxxer.hikari.pool.PoolBase - HikariPool-1 - Failed to validate connection com.mysql.jdbc.JDBC4Connection@d84f1af (No operations allowed after connection closed.). Possibly consider using a shorter maxLifetime value.
2022-01-15 17:30:07.545 [http-nio-8201-exec-1] WARN  com.zaxxer.hikari.pool.PoolBase - HikariPool-1 - Failed to validate connection com.mysql.jdbc.JDBC4Connection@674bcc7e (No operations allowed after connection closed.). Possibly consider using a shorter maxLifetime value.
2022-01-15 17:30:08.474 [http-nio-8201-exec-2] WARN  com.zaxxer.hikari.pool.PoolBase - HikariPool-1 - Failed to validate connection com.mysql.jdbc.JDBC4Connection@7134aeb9 (No operations allowed after connection closed.). Possibly consider using a shorter maxLifetime value.
2022-01-15 17:38:12.681 [http-nio-8201-exec-7] WARN  com.zaxxer.hikari.pool.PoolBase - HikariPool-1 - Failed to validate connection com.mysql.jdbc.JDBC4Connection@613c61c8 (No operations allowed after connection closed.). Possibly consider using a shorter maxLifetime value.
2022-01-15 17:38:17.691 [http-nio-8201-exec-7] WARN  com.zaxxer.hikari.pool.PoolBase - HikariPool-1 - Failed to validate connection com.mysql.jdbc.JDBC4Connection@5eea6ca2 (No operations allowed after connection closed.). Possibly consider using a shorter maxLifetime value.
2022-01-15 17:38:22.698 [http-nio-8201-exec-7] WARN  com.zaxxer.hikari.pool.PoolBase - HikariPool-1 - Failed to validate connection com.mysql.jdbc.JDBC4Connection@6ced0448 (No operations allowed after connection closed.). Possibly consider using a shorter maxLifetime value.
2022-01-15 17:38:27.706 [http-nio-8201-exec-7] WARN  com.zaxxer.hikari.pool.PoolBase - HikariPool-1 - Failed to validate connection com.mysql.jdbc.JDBC4Connection@6c64b33d (No operations allowed after connection closed.). Possibly consider using a shorter maxLifetime value.
2022-01-15 17:38:27.892 [http-nio-8201-exec-8] WARN  com.zaxxer.hikari.pool.PoolBase - HikariPool-1 - Failed to validate connection com.mysql.jdbc.JDBC4Connection@69660373 (No operations allowed after connection closed.). Possibly consider using a shorter maxLifetime value.
2022-01-15 17:38:28.870 [http-nio-8201-exec-9] WARN  com.zaxxer.hikari.pool.PoolBase - HikariPool-1 - Failed to validate connection com.mysql.jdbc.JDBC4Connection@4b8b52a0 (No operations allowed after connection closed.). Possibly consider using a shorter maxLifetime value.
2022-01-15 17:38:32.713 [http-nio-8201-exec-7] WARN  com.zaxxer.hikari.pool.PoolBase - HikariPool-1 - Failed to validate connection com.mysql.jdbc.JDBC4Connection@34a42ca8 (No operations allowed after connection closed.). Possibly consider using a shorter maxLifetime value.
2022-01-15 17:38:32.898 [http-nio-8201-exec-8] WARN  com.zaxxer.hikari.pool.PoolBase - HikariPool-1 - Failed to validate connection com.mysql.jdbc.JDBC4Connection@6dd450d8 (No operations allowed after connection closed.). Possibly consider using a shorter maxLifetime value.
2022-01-15 17:38:33.878 [http-nio-8201-exec-9] WARN  com.zaxxer.hikari.pool.PoolBase - HikariPool-1 - Failed to validate connection com.mysql.jdbc.JDBC4Connection@24439abf (No operations allowed after connection closed.). Possibly consider using a shorter maxLifetime value.
2022-01-15 17:38:34.012 [http-nio-8201-exec-9] WARN  o.s.w.s.m.m.a.ExceptionHandlerExceptionResolver - Resolved [org.springframework.dao.DuplicateKeyException: 
### Error updating database.  Cause: com.mysql.jdbc.exceptions.jdbc4.MySQLIntegrityConstraintViolationException: Duplicate entry '32423423' for key 'uk_hoscode'
### The error may exist in com/xxxx/yygh/hosp/mapper/HospitalSetMapper.java (best guess)
### The error may involve com.xxxx.yygh.hosp.mapper.HospitalSetMapper.insert-Inline
### The error occurred while setting parameters
### SQL: INSERT INTO hospital_set  ( hosname, hoscode, api_url, sign_key, contacts_name, contacts_phone, status )  VALUES  ( ?, ?, ?, ?, ?, ?, ? )
### Cause: com.mysql.jdbc.exceptions.jdbc4.MySQLIntegrityConstraintViolationException: Duplicate entry '32423423' for key 'uk_hoscode'
; Duplicate entry '32423423' for key 'uk_hoscode'; nested exception is com.mysql.jdbc.exceptions.jdbc4.MySQLIntegrityConstraintViolationException: Duplicate entry '32423423' for key 'uk_hoscode']
2022-01-15 17:38:37.723 [http-nio-8201-exec-7] WARN  com.zaxxer.hikari.pool.PoolBase - HikariPool-1 - Failed to validate connection com.mysql.jdbc.JDBC4Connection@67770e57 (No operations allowed after connection closed.). Possibly consider using a shorter maxLifetime value.
2022-01-15 17:38:37.729 [http-nio-8201-exec-7] WARN  o.s.w.s.m.m.a.ExceptionHandlerExceptionResolver - Resolved [org.mybatis.spring.MyBatisSystemException: nested exception is org.apache.ibatis.exceptions.PersistenceException: 
### Error updating database.  Cause: org.springframework.jdbc.CannotGetJdbcConnectionException: Failed to obtain JDBC Connection; nested exception is java.sql.SQLTransientConnectionException: HikariPool-1 - Connection is not available, request timed out after 30044ms.
### The error may exist in com/xxxx/yygh/hosp/mapper/HospitalSetMapper.java (best guess)
### The error may involve com.xxxx.yygh.hosp.mapper.HospitalSetMapper.insert
### The error occurred while executing an update
### Cause: org.springframework.jdbc.CannotGetJdbcConnectionException: Failed to obtain JDBC Connection; nested exception is java.sql.SQLTransientConnectionException: HikariPool-1 - Connection is not available, request timed out after 30044ms.]
2022-01-15 17:40:07.310 [restartedMain] WARN  com.netflix.config.sources.URLConfigurationSource - No URLs will be polled as dynamic configuration sources.
2022-01-15 17:40:07.312 [restartedMain] WARN  com.netflix.config.sources.URLConfigurationSource - No URLs will be polled as dynamic configuration sources.
2022-01-15 18:00:52.283 [HikariPool-1 housekeeper] WARN  com.zaxxer.hikari.pool.HikariPool - HikariPool-1 - Thread starvation or clock leap detected (housekeeper delta=3m55s397ms).
2022-01-15 18:12:20.347 [HikariPool-1 housekeeper] WARN  com.zaxxer.hikari.pool.HikariPool - HikariPool-1 - Thread starvation or clock leap detected (housekeeper delta=1m28s41ms).
2022-01-15 18:19:39.101 [HikariPool-1 housekeeper] WARN  com.zaxxer.hikari.pool.HikariPool - HikariPool-1 - Thread starvation or clock leap detected (housekeeper delta=4m18s729ms).
2022-01-15 18:34:54.946 [http-nio-8201-exec-9] WARN  com.zaxxer.hikari.pool.PoolBase - HikariPool-1 - Failed to validate connection com.mysql.jdbc.JDBC4Connection@4f9db568 (No operations allowed after connection closed.). Possibly consider using a shorter maxLifetime value.
2022-01-15 18:34:59.006 [http-nio-8201-exec-10] WARN  com.zaxxer.hikari.pool.PoolBase - HikariPool-1 - Failed to validate connection com.mysql.jdbc.JDBC4Connection@6d93167e (No operations allowed after connection closed.). Possibly consider using a shorter maxLifetime value.
2022-01-15 18:34:59.954 [http-nio-8201-exec-9] WARN  com.zaxxer.hikari.pool.PoolBase - HikariPool-1 - Failed to validate connection com.mysql.jdbc.JDBC4Connection@2a491f1e (No operations allowed after connection closed.). Possibly consider using a shorter maxLifetime value.
2022-01-15 18:35:01.941 [http-nio-8201-exec-1] WARN  com.zaxxer.hikari.pool.PoolBase - HikariPool-1 - Failed to validate connection com.mysql.jdbc.JDBC4Connection@7eaad3ef (No operations allowed after connection closed.). Possibly consider using a shorter maxLifetime value.
2022-01-15 18:35:04.015 [http-nio-8201-exec-10] WARN  com.zaxxer.hikari.pool.PoolBase - HikariPool-1 - Failed to validate connection com.mysql.jdbc.JDBC4Connection@201910c8 (No operations allowed after connection closed.). Possibly consider using a shorter maxLifetime value.
2022-01-15 18:35:04.956 [http-nio-8201-exec-9] WARN  com.zaxxer.hikari.pool.PoolBase - HikariPool-1 - Failed to validate connection com.mysql.jdbc.JDBC4Connection@15d8d98b (No operations allowed after connection closed.). Possibly consider using a shorter maxLifetime value.
2022-01-15 18:35:05.799 [http-nio-8201-exec-2] WARN  com.zaxxer.hikari.pool.PoolBase - HikariPool-1 - Failed to validate connection com.mysql.jdbc.JDBC4Connection@1d41ee4a (No operations allowed after connection closed.). Possibly consider using a shorter maxLifetime value.
2022-01-15 18:35:06.947 [http-nio-8201-exec-1] WARN  com.zaxxer.hikari.pool.PoolBase - HikariPool-1 - Failed to validate connection com.mysql.jdbc.JDBC4Connection@7ba52960 (No operations allowed after connection closed.). Possibly consider using a shorter maxLifetime value.
2022-01-15 18:35:09.022 [http-nio-8201-exec-10] WARN  com.zaxxer.hikari.pool.PoolBase - HikariPool-1 - Failed to validate connection com.mysql.jdbc.JDBC4Connection@422c03f1 (No operations allowed after connection closed.). Possibly consider using a shorter maxLifetime value.
2022-01-15 18:35:09.961 [http-nio-8201-exec-9] WARN  com.zaxxer.hikari.pool.PoolBase - HikariPool-1 - Failed to validate connection com.mysql.jdbc.JDBC4Connection@374c08ad (No operations allowed after connection closed.). Possibly consider using a shorter maxLifetime value.
2022-01-15 18:44:48.896 [http-nio-8201-exec-5] WARN  com.zaxxer.hikari.pool.PoolBase - HikariPool-1 - Failed to validate connection com.mysql.jdbc.JDBC4Connection@309ac1e7 (No operations allowed after connection closed.). Possibly consider using a shorter maxLifetime value.
2022-01-15 18:44:53.905 [http-nio-8201-exec-5] WARN  com.zaxxer.hikari.pool.PoolBase - HikariPool-1 - Failed to validate connection com.mysql.jdbc.JDBC4Connection@2a6e974c (No operations allowed after connection closed.). Possibly consider using a shorter maxLifetime value.
2022-01-15 18:44:55.596 [http-nio-8201-exec-6] WARN  com.zaxxer.hikari.pool.PoolBase - HikariPool-1 - Failed to validate connection com.mysql.jdbc.JDBC4Connection@5a9cb07a (No operations allowed after connection closed.). Possibly consider using a shorter maxLifetime value.
2022-01-15 18:44:58.914 [http-nio-8201-exec-5] WARN  com.zaxxer.hikari.pool.PoolBase - HikariPool-1 - Failed to validate connection com.mysql.jdbc.JDBC4Connection@5a3844e9 (No operations allowed after connection closed.). Possibly consider using a shorter maxLifetime value.
2022-01-15 18:44:58.956 [http-nio-8201-exec-7] WARN  com.zaxxer.hikari.pool.PoolBase - HikariPool-1 - Failed to validate connection com.mysql.jdbc.JDBC4Connection@5a2bcd2a (No operations allowed after connection closed.). Possibly consider using a shorter maxLifetime value.
2022-01-15 18:45:00.602 [http-nio-8201-exec-6] WARN  com.zaxxer.hikari.pool.PoolBase - HikariPool-1 - Failed to validate connection com.mysql.jdbc.JDBC4Connection@5b75cad9 (No operations allowed after connection closed.). Possibly consider using a shorter maxLifetime value.
2022-01-15 18:45:03.923 [http-nio-8201-exec-5] WARN  com.zaxxer.hikari.pool.PoolBase - HikariPool-1 - Failed to validate connection com.mysql.jdbc.JDBC4Connection@74b28dd1 (No operations allowed after connection closed.). Possibly consider using a shorter maxLifetime value.
2022-01-15 18:45:03.964 [http-nio-8201-exec-7] WARN  com.zaxxer.hikari.pool.PoolBase - HikariPool-1 - Failed to validate connection com.mysql.jdbc.JDBC4Connection@d3e7be4 (No operations allowed after connection closed.). Possibly consider using a shorter maxLifetime value.
2022-01-15 18:45:05.612 [http-nio-8201-exec-6] WARN  com.zaxxer.hikari.pool.PoolBase - HikariPool-1 - Failed to validate connection com.mysql.jdbc.JDBC4Connection@285e98d1 (No operations allowed after connection closed.). Possibly consider using a shorter maxLifetime value.
2022-01-15 18:45:08.931 [http-nio-8201-exec-5] WARN  com.zaxxer.hikari.pool.PoolBase - HikariPool-1 - Failed to validate connection com.mysql.jdbc.JDBC4Connection@2ab8a0fc (No operations allowed after connection closed.). Possibly consider using a shorter maxLifetime value.
2022-01-15 19:12:14.091 [HikariPool-1 housekeeper] WARN  com.zaxxer.hikari.pool.HikariPool - HikariPool-1 - Thread starvation or clock leap detected (housekeeper delta=49s898ms).
2022-01-15 19:21:38.956 [HikariPool-1 housekeeper] WARN  com.zaxxer.hikari.pool.HikariPool - HikariPool-1 - Thread starvation or clock leap detected (housekeeper delta=6m24s844ms).
2022-01-15 19:22:04.382 [http-nio-8201-exec-5] WARN  com.zaxxer.hikari.pool.PoolBase - HikariPool-1 - Failed to validate connection com.mysql.jdbc.JDBC4Connection@32a8e4f4 (No operations allowed after connection closed.). Possibly consider using a shorter maxLifetime value.
2022-01-15 19:22:09.393 [http-nio-8201-exec-5] WARN  com.zaxxer.hikari.pool.PoolBase - HikariPool-1 - Failed to validate connection com.mysql.jdbc.JDBC4Connection@7a4c310 (No operations allowed after connection closed.). Possibly consider using a shorter maxLifetime value.
2022-01-15 19:22:12.409 [http-nio-8201-exec-8] WARN  com.zaxxer.hikari.pool.PoolBase - HikariPool-1 - Failed to validate connection com.mysql.jdbc.JDBC4Connection@3ac9b439 (No operations allowed after connection closed.). Possibly consider using a shorter maxLifetime value.
2022-01-15 19:22:14.396 [http-nio-8201-exec-5] WARN  com.zaxxer.hikari.pool.PoolBase - HikariPool-1 - Failed to validate connection com.mysql.jdbc.JDBC4Connection@5589ba8e (No operations allowed after connection closed.). Possibly consider using a shorter maxLifetime value.
2022-01-15 19:22:17.416 [http-nio-8201-exec-8] WARN  com.zaxxer.hikari.pool.PoolBase - HikariPool-1 - Failed to validate connection com.mysql.jdbc.JDBC4Connection@777218b3 (No operations allowed after connection closed.). Possibly consider using a shorter maxLifetime value.
2022-01-15 19:22:19.403 [http-nio-8201-exec-5] WARN  com.zaxxer.hikari.pool.PoolBase - HikariPool-1 - Failed to validate connection com.mysql.jdbc.JDBC4Connection@b2db3db (No operations allowed after connection closed.). Possibly consider using a shorter maxLifetime value.
2022-01-15 19:22:22.423 [http-nio-8201-exec-8] WARN  com.zaxxer.hikari.pool.PoolBase - HikariPool-1 - Failed to validate connection com.mysql.jdbc.JDBC4Connection@6925aaa3 (No operations allowed after connection closed.). Possibly consider using a shorter maxLifetime value.
2022-01-15 19:22:23.535 [http-nio-8201-exec-2] WARN  com.zaxxer.hikari.pool.PoolBase - HikariPool-1 - Failed to validate connection com.mysql.jdbc.JDBC4Connection@754a1300 (No operations allowed after connection closed.). Possibly consider using a shorter maxLifetime value.
2022-01-15 19:22:24.407 [http-nio-8201-exec-5] WARN  com.zaxxer.hikari.pool.PoolBase - HikariPool-1 - Failed to validate connection com.mysql.jdbc.JDBC4Connection@2a304ded (No operations allowed after connection closed.). Possibly consider using a shorter maxLifetime value.
2022-01-15 19:22:27.431 [http-nio-8201-exec-8] WARN  com.zaxxer.hikari.pool.PoolBase - HikariPool-1 - Failed to validate connection com.mysql.jdbc.JDBC4Connection@42a32d80 (No operations allowed after connection closed.). Possibly consider using a shorter maxLifetime value.
2022-01-15 19:48:45.712 [http-nio-8201-exec-2] WARN  com.zaxxer.hikari.pool.PoolBase - HikariPool-1 - Failed to validate connection com.mysql.jdbc.JDBC4Connection@3613234c (No operations allowed after connection closed.). Possibly consider using a shorter maxLifetime value.
2022-01-15 19:48:50.612 [http-nio-8201-exec-5] WARN  com.zaxxer.hikari.pool.PoolBase - HikariPool-1 - Failed to validate connection com.mysql.jdbc.JDBC4Connection@60b1e17f (No operations allowed after connection closed.). Possibly consider using a shorter maxLifetime value.
2022-01-15 19:48:50.721 [http-nio-8201-exec-2] WARN  com.zaxxer.hikari.pool.PoolBase - HikariPool-1 - Failed to validate connection com.mysql.jdbc.JDBC4Connection@355b2bf3 (No operations allowed after connection closed.). Possibly consider using a shorter maxLifetime value.
2022-01-15 19:48:54.893 [http-nio-8201-exec-3] WARN  com.zaxxer.hikari.pool.PoolBase - HikariPool-1 - Failed to validate connection com.mysql.jdbc.JDBC4Connection@1d5c9871 (No operations allowed after connection closed.). Possibly consider using a shorter maxLifetime value.
2022-01-15 19:48:55.619 [http-nio-8201-exec-5] WARN  com.zaxxer.hikari.pool.PoolBase - HikariPool-1 - Failed to validate connection com.mysql.jdbc.JDBC4Connection@28568711 (No operations allowed after connection closed.). Possibly consider using a shorter maxLifetime value.
2022-01-15 19:48:55.729 [http-nio-8201-exec-2] WARN  com.zaxxer.hikari.pool.PoolBase - HikariPool-1 - Failed to validate connection com.mysql.jdbc.JDBC4Connection@79170445 (No operations allowed after connection closed.). Possibly consider using a shorter maxLifetime value.
2022-01-15 19:48:59.902 [http-nio-8201-exec-3] WARN  com.zaxxer.hikari.pool.PoolBase - HikariPool-1 - Failed to validate connection com.mysql.jdbc.JDBC4Connection@6aeed90d (No operations allowed after connection closed.). Possibly consider using a shorter maxLifetime value.
2022-01-15 19:49:00.623 [http-nio-8201-exec-5] WARN  com.zaxxer.hikari.pool.PoolBase - HikariPool-1 - Failed to validate connection com.mysql.jdbc.JDBC4Connection@39883110 (No operations allowed after connection closed.). Possibly consider using a shorter maxLifetime value.
2022-01-15 19:49:00.734 [http-nio-8201-exec-2] WARN  com.zaxxer.hikari.pool.PoolBase - HikariPool-1 - Failed to validate connection com.mysql.jdbc.JDBC4Connection@361a3121 (No operations allowed after connection closed.). Possibly consider using a shorter maxLifetime value.
2022-01-15 19:49:04.907 [http-nio-8201-exec-3] WARN  com.zaxxer.hikari.pool.PoolBase - HikariPool-1 - Failed to validate connection com.mysql.jdbc.JDBC4Connection@146e0100 (No operations allowed after connection closed.). Possibly consider using a shorter maxLifetime value.
2022-01-15 20:15:54.753 [restartedMain] WARN  com.netflix.config.sources.URLConfigurationSource - No URLs will be polled as dynamic configuration sources.
2022-01-15 20:15:54.755 [restartedMain] WARN  com.netflix.config.sources.URLConfigurationSource - No URLs will be polled as dynamic configuration sources.
2022-01-15 20:21:17.985 [restartedMain] WARN  com.netflix.config.sources.URLConfigurationSource - No URLs will be polled as dynamic configuration sources.
2022-01-15 20:21:17.988 [restartedMain] WARN  com.netflix.config.sources.URLConfigurationSource - No URLs will be polled as dynamic configuration sources.
2022-01-15 20:21:18.061 [restartedMain] WARN  o.s.b.d.autoconfigure.OptionalLiveReloadServer - Unable to start LiveReload server
2022-01-15 20:38:32.375 [http-nio-8201-exec-7] WARN  com.zaxxer.hikari.pool.PoolBase - HikariPool-1 - Failed to validate connection com.mysql.jdbc.JDBC4Connection@16731323 (No operations allowed after connection closed.). Possibly consider using a shorter maxLifetime value.
2022-01-15 20:38:37.383 [http-nio-8201-exec-7] WARN  com.zaxxer.hikari.pool.PoolBase - HikariPool-1 - Failed to validate connection com.mysql.jdbc.JDBC4Connection@13afdf2 (No operations allowed after connection closed.). Possibly consider using a shorter maxLifetime value.
2022-01-15 20:38:42.389 [http-nio-8201-exec-7] WARN  com.zaxxer.hikari.pool.PoolBase - HikariPool-1 - Failed to validate connection com.mysql.jdbc.JDBC4Connection@6b9c7890 (No operations allowed after connection closed.). Possibly consider using a shorter maxLifetime value.
2022-01-15 20:38:47.394 [http-nio-8201-exec-7] WARN  com.zaxxer.hikari.pool.PoolBase - HikariPool-1 - Failed to validate connection com.mysql.jdbc.JDBC4Connection@492693f8 (No operations allowed after connection closed.). Possibly consider using a shorter maxLifetime value.
2022-01-15 20:38:52.400 [http-nio-8201-exec-7] WARN  com.zaxxer.hikari.pool.PoolBase - HikariPool-1 - Failed to validate connection com.mysql.jdbc.JDBC4Connection@11eab6dd (No operations allowed after connection closed.). Possibly consider using a shorter maxLifetime value.
2022-01-15 20:38:57.403 [http-nio-8201-exec-7] WARN  com.zaxxer.hikari.pool.PoolBase - HikariPool-1 - Failed to validate connection com.mysql.jdbc.JDBC4Connection@2fedd61c (No operations allowed after connection closed.). Possibly consider using a shorter maxLifetime value.
2022-01-15 20:38:57.413 [http-nio-8201-exec-7] WARN  o.s.w.s.m.m.a.ExceptionHandlerExceptionResolver - Resolved [org.mybatis.spring.MyBatisSystemException: nested exception is org.apache.ibatis.exceptions.PersistenceException: 
### Error querying database.  Cause: org.springframework.jdbc.CannotGetJdbcConnectionException: Failed to obtain JDBC Connection; nested exception is java.sql.SQLTransientConnectionException: HikariPool-1 - Connection is not available, request timed out after 30037ms.
### The error may exist in com/xxxx/yygh/hosp/mapper/HospitalSetMapper.java (best guess)
### The error may involve com.xxxx.yygh.hosp.mapper.HospitalSetMapper.selectPage
### The error occurred while executing a query
### Cause: org.springframework.jdbc.CannotGetJdbcConnectionException: Failed to obtain JDBC Connection; nested exception is java.sql.SQLTransientConnectionException: HikariPool-1 - Connection is not available, request timed out after 30037ms.]
2022-01-15 20:40:21.553 [http-nio-8201-exec-9] WARN  com.zaxxer.hikari.pool.PoolBase - HikariPool-1 - Failed to validate connection com.mysql.jdbc.JDBC4Connection@38f351bd (No operations allowed after connection closed.). Possibly consider using a shorter maxLifetime value.
2022-01-15 20:40:21.553 [http-nio-8201-exec-10] WARN  com.zaxxer.hikari.pool.PoolBase - HikariPool-1 - Failed to validate connection com.mysql.jdbc.JDBC4Connection@6848a3aa (No operations allowed after connection closed.). Possibly consider using a shorter maxLifetime value.
2022-01-15 20:40:26.557 [http-nio-8201-exec-10] WARN  com.zaxxer.hikari.pool.PoolBase - HikariPool-1 - Failed to validate connection com.mysql.jdbc.JDBC4Connection@5dd7ff4f (No operations allowed after connection closed.). Possibly consider using a shorter maxLifetime value.
2022-01-15 20:40:26.558 [http-nio-8201-exec-9] WARN  com.zaxxer.hikari.pool.PoolBase - HikariPool-1 - Failed to validate connection com.mysql.jdbc.JDBC4Connection@40687731 (No operations allowed after connection closed.). Possibly consider using a shorter maxLifetime value.
2022-01-15 21:28:15.846 [HikariPool-1 housekeeper] WARN  com.zaxxer.hikari.pool.HikariPool - HikariPool-1 - Thread starvation or clock leap detected (housekeeper delta=43m1s796ms).
2022-01-15 21:52:51.333 [HikariPool-1 housekeeper] WARN  com.zaxxer.hikari.pool.HikariPool - HikariPool-1 - Thread starvation or clock leap detected (housekeeper delta=24m35s487ms).
2022-01-15 22:56:30.750 [HikariPool-1 housekeeper] WARN  com.zaxxer.hikari.pool.HikariPool - HikariPool-1 - Thread starvation or clock leap detected (housekeeper delta=53m39s365ms).
2022-01-15 23:02:15.667 [HikariPool-1 housekeeper] WARN  com.zaxxer.hikari.pool.HikariPool - HikariPool-1 - Thread starvation or clock leap detected (housekeeper delta=1m44s909ms).
2022-01-15 23:04:35.244 [HikariPool-1 housekeeper] WARN  com.zaxxer.hikari.pool.HikariPool - HikariPool-1 - Thread starvation or clock leap detected (housekeeper delta=2m19s577ms).
